2025-08-07 02:48:38,964 - INFO - Data saved to data/decomp_results_n1000.json
2025-08-07 02:53:32,883 - INFO - Data saved to data/decomp_results_n1000.json
2025-08-07 02:53:36,151 - INFO - Data saved to data/decomp_results_n100.json
2025-08-07 03:12:17,164 - INFO - Data saved to data/decomp_results_n100.pkl
2025-08-07 03:13:19,300 - INFO - Data saved to data/decomp_results_n100000.pkl
2025-08-07 03:21:34,634 - INFO - Data saved to data/funbuns_progress.pkl
2025-08-08 00:35:09,586 - INFO - Data saved to data/pparts.parquet (1 new rows, 1 total rows)
2025-08-08 00:35:38,499 - INFO - Data saved to data/pparts.parquet (1 new rows, 2 total rows)
2025-08-08 00:36:07,696 - INFO - Resuming from prime 3 (max processed: 2)
2025-08-08 00:36:07,915 - INFO - Data saved to data/pparts.parquet (10 new rows, 12 total rows)
2025-08-08 00:41:44,506 - INFO - Resuming from prime 17 (max processed: 13)
2025-08-08 00:41:44,715 - INFO - Data saved to data/pparts.parquet (7 new rows, 19 total rows)
2025-08-08 00:55:51,490 - INFO - Resuming from prime 29 (max processed: 23)
2025-08-08 00:55:55,359 - INFO - Data saved to data/pparts.parquet (20194 new rows, 20213 total rows)
2025-08-08 00:55:58,212 - INFO - Data saved to data/pparts.parquet (20089 new rows, 40302 total rows)
2025-08-08 00:56:01,116 - INFO - Data saved to data/pparts.parquet (20560 new rows, 60862 total rows)
2025-08-08 00:56:03,888 - INFO - Data saved to data/pparts.parquet (20040 new rows, 80902 total rows)
2025-08-08 00:56:06,712 - INFO - Data saved to data/pparts.parquet (20396 new rows, 101298 total rows)
2025-08-08 00:56:09,372 - INFO - Data saved to data/pparts.parquet (20397 new rows, 121695 total rows)
2025-08-08 00:56:12,212 - INFO - Data saved to data/pparts.parquet (19995 new rows, 141690 total rows)
2025-08-08 00:56:14,845 - INFO - Data saved to data/pparts.parquet (19926 new rows, 161616 total rows)
2025-08-08 00:56:17,730 - INFO - Data saved to data/pparts.parquet (20479 new rows, 182095 total rows)
2025-08-08 00:56:20,493 - INFO - Data saved to data/pparts.parquet (20429 new rows, 202524 total rows)
2025-08-08 00:56:23,197 - INFO - Data saved to data/pparts.parquet (20366 new rows, 222890 total rows)
2025-08-08 00:56:25,903 - INFO - Data saved to data/pparts.parquet (20202 new rows, 243092 total rows)
2025-08-08 00:56:28,661 - INFO - Data saved to data/pparts.parquet (19998 new rows, 263090 total rows)
2025-08-08 00:56:31,446 - INFO - Data saved to data/pparts.parquet (20083 new rows, 283173 total rows)
2025-08-08 00:56:34,159 - INFO - Data saved to data/pparts.parquet (19846 new rows, 303019 total rows)
2025-08-08 00:56:36,729 - INFO - Data saved to data/pparts.parquet (20404 new rows, 323423 total rows)
2025-08-08 00:56:39,429 - INFO - Data saved to data/pparts.parquet (20665 new rows, 344088 total rows)
2025-08-08 00:56:42,022 - INFO - Data saved to data/pparts.parquet (20643 new rows, 364731 total rows)
2025-08-08 00:56:45,019 - INFO - Data saved to data/pparts.parquet (20434 new rows, 385165 total rows)
2025-08-08 00:56:47,785 - INFO - Data saved to data/pparts.parquet (20401 new rows, 405566 total rows)
2025-08-08 00:56:50,604 - INFO - Data saved to data/pparts.parquet (20290 new rows, 425856 total rows)
2025-08-08 00:56:53,183 - INFO - Data saved to data/pparts.parquet (20222 new rows, 446078 total rows)
2025-08-08 00:56:55,832 - INFO - Data saved to data/pparts.parquet (20365 new rows, 466443 total rows)
2025-08-08 00:56:58,652 - INFO - Data saved to data/pparts.parquet (20219 new rows, 486662 total rows)
2025-08-08 00:57:01,326 - INFO - Data saved to data/pparts.parquet (20186 new rows, 506848 total rows)
2025-08-08 00:57:04,036 - INFO - Data saved to data/pparts.parquet (20025 new rows, 526873 total rows)
2025-08-08 00:57:06,749 - INFO - Data saved to data/pparts.parquet (19910 new rows, 546783 total rows)
2025-08-08 00:57:09,373 - INFO - Data saved to data/pparts.parquet (20137 new rows, 566920 total rows)
2025-08-08 00:57:11,982 - INFO - Data saved to data/pparts.parquet (19788 new rows, 586708 total rows)
2025-08-08 00:57:14,666 - INFO - Data saved to data/pparts.parquet (20403 new rows, 607111 total rows)
2025-08-08 00:57:17,270 - INFO - Data saved to data/pparts.parquet (20804 new rows, 627915 total rows)
2025-08-08 00:57:19,779 - INFO - Data saved to data/pparts.parquet (20752 new rows, 648667 total rows)
2025-08-08 00:57:22,467 - INFO - Data saved to data/pparts.parquet (20603 new rows, 669270 total rows)
2025-08-08 00:57:25,189 - INFO - Data saved to data/pparts.parquet (20645 new rows, 689915 total rows)
2025-08-08 00:57:27,863 - INFO - Data saved to data/pparts.parquet (20641 new rows, 710556 total rows)
2025-08-08 00:57:30,506 - INFO - Data saved to data/pparts.parquet (20596 new rows, 731152 total rows)
2025-08-08 00:57:33,195 - INFO - Data saved to data/pparts.parquet (20546 new rows, 751698 total rows)
2025-08-08 00:57:35,707 - INFO - Data saved to data/pparts.parquet (20469 new rows, 772167 total rows)
2025-08-08 00:57:38,522 - INFO - Data saved to data/pparts.parquet (20408 new rows, 792575 total rows)
2025-08-08 00:57:41,579 - INFO - Data saved to data/pparts.parquet (20392 new rows, 812967 total rows)
2025-08-08 00:57:44,174 - INFO - Data saved to data/pparts.parquet (20468 new rows, 833435 total rows)
2025-08-08 00:57:46,881 - INFO - Data saved to data/pparts.parquet (20386 new rows, 853821 total rows)
2025-08-08 00:57:49,525 - INFO - Data saved to data/pparts.parquet (20189 new rows, 874010 total rows)
2025-08-08 00:57:52,032 - INFO - Data saved to data/pparts.parquet (20213 new rows, 894223 total rows)
2025-08-08 00:57:54,796 - INFO - Data saved to data/pparts.parquet (20124 new rows, 914347 total rows)
2025-08-08 00:57:57,324 - INFO - Data saved to data/pparts.parquet (20074 new rows, 934421 total rows)
2025-08-08 00:57:59,876 - INFO - Data saved to data/pparts.parquet (20319 new rows, 954740 total rows)
2025-08-08 00:58:02,499 - INFO - Data saved to data/pparts.parquet (20158 new rows, 974898 total rows)
2025-08-08 00:58:04,985 - INFO - Data saved to data/pparts.parquet (20115 new rows, 995013 total rows)
2025-08-08 00:58:07,476 - INFO - Data saved to data/pparts.parquet (19971 new rows, 1014984 total rows)
2025-08-08 01:00:58,908 - INFO - Resuming from prime 7368869 (max processed: 7368863)
2025-08-08 01:29:56,136 - ERROR - Error reading parquet file data/pparts.parquet: read_parquet() got an unexpected keyword argument 'row_count'
2025-08-08 02:34:24,117 - INFO - Resuming from prime 15486041 (max processed: 15486013)
2025-08-08 02:37:32,123 - INFO - Resuming from prime 15486041 (max processed: 15486013)
2025-08-08 02:42:38,525 - INFO - Resuming from prime 23879693 (max processed: 23879677)
2025-08-08 02:46:42,261 - INFO - Resuming from prime 32453039 (max processed: 32453027)
2025-08-08 02:50:04,778 - INFO - Resuming from prime 41161963 (max processed: 41161949)
